#-----------------------------------------------------------
# Vivado v2018.3 (64-bit)
# SW Build 2405991 on Thu Dec  6 23:38:27 MST 2018
# IP Build 2404404 on Fri Dec  7 01:43:56 MST 2018
# Start of session at: Sun May  7 19:32:40 2023
# Process ID: 25288
# Current directory: D:/ALL_Project/PCexp/Pipeline
# Command line: vivado.exe -gui_launcher_event rodinguilauncherevent16472 D:\ALL_Project\PCexp\Pipeline\Pipeline.xpr
# Log file: D:/ALL_Project/PCexp/Pipeline/vivado.log
# Journal file: D:/ALL_Project/PCexp/Pipeline\vivado.jou
#-----------------------------------------------------------
start_gui
open_project D:/ALL_Project/PCexp/Pipeline/Pipeline.xpr
Scanning sources...
Finished scanning sources
INFO: [IP_Flow 19-234] Refreshing IP repositories
INFO: [IP_Flow 19-1704] No user IP repositories specified
INFO: [IP_Flow 19-2313] Loaded Vivado IP repository 'D:/Xilinx/Vivado/2018.3/data/ip'.
update_compile_order -fileset sources_1
launch_simulation
INFO: [Vivado 12-5682] Launching behavioral simulation in 'D:/ALL_Project/PCexp/Pipeline/Pipeline.sim/sim_1/behav/xsim'
INFO: [SIM-utils-51] Simulation object is 'sim_1'
INFO: [SIM-utils-54] Inspecting design source files for 'sim' in fileset 'sim_1'...
INFO: [USF-XSim-97] Finding global include files...
INFO: [USF-XSim-98] Fetching design files from 'sim_1'...
INFO: [USF-XSim-2] XSim::Compile design
INFO: [USF-XSim-61] Executing 'COMPILE and ANALYZE' step in 'D:/ALL_Project/PCexp/Pipeline/Pipeline.sim/sim_1/behav/xsim'
"xvlog --incr --relax -prj sim_vlog.prj"
INFO: [USF-XSim-69] 'compile' step finished in '1' seconds
INFO: [USF-XSim-3] XSim::Elaborate design
INFO: [USF-XSim-61] Executing 'ELABORATE' step in 'D:/ALL_Project/PCexp/Pipeline/Pipeline.sim/sim_1/behav/xsim'
Vivado Simulator 2018.3
Copyright 1986-1999, 2001-2018 Xilinx, Inc. All Rights Reserved.
Running: D:/Xilinx/Vivado/2018.3/bin/unwrapped/win64.o/xelab.exe -wto db24cfed68f743d8851db8fd146b3744 --incr --debug typical --relax --mt 2 -L xil_defaultlib -L unisims_ver -L unimacro_ver -L secureip --snapshot sim_behav xil_defaultlib.sim xil_defaultlib.glbl -log elaborate.log 
Using 2 slave threads.
Starting static elaboration
Completed static elaboration
INFO: [XSIM 43-4323] No Change in HDL. Linking previously generated obj files to create kernel
INFO: [USF-XSim-69] 'elaborate' step finished in '1' seconds
INFO: [USF-XSim-4] XSim::Simulate design
INFO: [USF-XSim-61] Executing 'SIMULATE' step in 'D:/ALL_Project/PCexp/Pipeline/Pipeline.sim/sim_1/behav/xsim'
INFO: [USF-XSim-98] *** Running xsim
   with args "sim_behav -key {Behavioral:sim_1:Functional:sim} -tclbatch {sim.tcl} -view {D:/ALL_Project/PCexp/Pipeline/sim_behav.wcfg} -log {simulate.log}"
INFO: [USF-XSim-8] Loading simulator feature
Vivado Simulator 2018.3
Time resolution is 1 ps
open_wave_config D:/ALL_Project/PCexp/Pipeline/sim_behav.wcfg
source sim.tcl
# set curr_wave [current_wave_config]
# if { [string length $curr_wave] == 0 } {
#   if { [llength [get_objects]] > 0} {
#     add_wave /
#     set_property needs_save false [current_wave_config]
#   } else {
#      send_msg_id Add_Wave-1 WARNING "No top level signals found. Simulator will start without a wave window. If you want to open a wave window go to 'File->New Waveform Configuration' or type 'create_wave_config' in the TCL console."
#   }
# }
# run 1000ns
$finish called at time : 540 ns : File "D:/ALL_Project/PCexp/Pipeline/Pipeline.srcs/sim_1/new/sim.v" Line 57
INFO: [USF-XSim-96] XSim completed. Design snapshot 'sim_behav' loaded.
INFO: [USF-XSim-97] XSim simulation ran for 1000ns
launch_simulation: Time (s): cpu = 00:00:06 ; elapsed = 00:00:05 . Memory (MB): peak = 744.668 ; gain = 22.453
close_sim
INFO: [Simtcl 6-16] Simulation closed
exit
INFO: [Common 17-206] Exiting Vivado at Sun May  7 19:46:04 2023...
