Vivado Simulator 2018.3
Time resolution is 1 ps
 Block Memory Generator module loading initial data...
 Block Memory Generator data initialization complete.
Block Memory Generator module test.blk.inst.native_mem_module.blk_mem_gen_v8_4_2_inst is using a behavioral model for simulation which will not precisely model memory collision behavior.
instruction: 00000000, memtoreg: 0, memwrite: 0, pcsrc: 0, alusrc: 0, regdst: 1, regwrite: 1, jump: 0, branch: 0, alucontrol: xxx
instruction: 00000000, memtoreg: 0, memwrite: 0, pcsrc: 0, alusrc: 0, regdst: 1, regwrite: 1, jump: 0, branch: 0, alucontrol: xxx
instruction: 00000000, memtoreg: 0, memwrite: 0, pcsrc: 0, alusrc: 0, regdst: 1, regwrite: 1, jump: 0, branch: 0, alucontrol: xxx
instruction: 00000000, memtoreg: 0, memwrite: 0, pcsrc: 0, alusrc: 0, regdst: 1, regwrite: 1, jump: 0, branch: 0, alucontrol: xxx
instruction: 00000000, memtoreg: 0, memwrite: 0, pcsrc: 0, alusrc: 0, regdst: 1, regwrite: 1, jump: 0, branch: 0, alucontrol: xxx
instruction: 20020005, memtoreg: 0, memwrite: 0, pcsrc: 0, alusrc: 1, regdst: 0, regwrite: 1, jump: 0, branch: 0, alucontrol: 010
instruction: 00a42820, memtoreg: 0, memwrite: 0, pcsrc: 0, alusrc: 0, regdst: 1, regwrite: 1, jump: 0, branch: 0, alucontrol: 010
instruction: 8c020050, memtoreg: 1, memwrite: 0, pcsrc: 0, alusrc: 1, regdst: 0, regwrite: 1, jump: 0, branch: 0, alucontrol: 010
instruction: ac020054, memtoreg: x, memwrite: 1, pcsrc: 0, alusrc: 1, regdst: x, regwrite: 0, jump: 0, branch: 0, alucontrol: 010
instruction: 10a7000c, memtoreg: x, memwrite: 0, pcsrc: 1, alusrc: 0, regdst: x, regwrite: 0, jump: 0, branch: 1, alucontrol: 110
instruction: 08000013, memtoreg: x, memwrite: 0, pcsrc: x, alusrc: x, regdst: x, regwrite: 0, jump: 1, branch: x, alucontrol: 110
instruction: 00000000, memtoreg: 0, memwrite: 0, pcsrc: 0, alusrc: 0, regdst: 1, regwrite: 1, jump: 0, branch: 0, alucontrol: 110
instruction: 00000000, memtoreg: 0, memwrite: 0, pcsrc: 0, alusrc: 0, regdst: 1, regwrite: 1, jump: 0, branch: 0, alucontrol: 110
instruction: 00000000, memtoreg: 0, memwrite: 0, pcsrc: 0, alusrc: 0, regdst: 1, regwrite: 1, jump: 0, branch: 0, alucontrol: 110
instruction: 00000000, memtoreg: 0, memwrite: 0, pcsrc: 0, alusrc: 0, regdst: 1, regwrite: 1, jump: 0, branch: 0, alucontrol: 110
instruction: 00000000, memtoreg: 0, memwrite: 0, pcsrc: 0, alusrc: 0, regdst: 1, regwrite: 1, jump: 0, branch: 0, alucontrol: 110
instruction: 00000000, memtoreg: 0, memwrite: 0, pcsrc: 0, alusrc: 0, regdst: 1, regwrite: 1, jump: 0, branch: 0, alucontrol: 110
instruction: 00000000, memtoreg: 0, memwrite: 0, pcsrc: 0, alusrc: 0, regdst: 1, regwrite: 1, jump: 0, branch: 0, alucontrol: 110
instruction: 00000000, memtoreg: 0, memwrite: 0, pcsrc: 0, alusrc: 0, regdst: 1, regwrite: 1, jump: 0, branch: 0, alucontrol: 110
instruction: 00000000, memtoreg: 0, memwrite: 0, pcsrc: 0, alusrc: 0, regdst: 1, regwrite: 1, jump: 0, branch: 0, alucontrol: 110
instruction: 00000000, memtoreg: 0, memwrite: 0, pcsrc: 0, alusrc: 0, regdst: 1, regwrite: 1, jump: 0, branch: 0, alucontrol: 110
instruction: 00000000, memtoreg: 0, memwrite: 0, pcsrc: 0, alusrc: 0, regdst: 1, regwrite: 1, jump: 0, branch: 0, alucontrol: 110
instruction: 00000000, memtoreg: 0, memwrite: 0, pcsrc: 0, alusrc: 0, regdst: 1, regwrite: 1, jump: 0, branch: 0, alucontrol: 110
instruction: 00000000, memtoreg: 0, memwrite: 0, pcsrc: 0, alusrc: 0, regdst: 1, regwrite: 1, jump: 0, branch: 0, alucontrol: 110
instruction: 00000000, memtoreg: 0, memwrite: 0, pcsrc: 0, alusrc: 0, regdst: 1, regwrite: 1, jump: 0, branch: 0, alucontrol: 110
instruction: 00000000, memtoreg: 0, memwrite: 0, pcsrc: 0, alusrc: 0, regdst: 1, regwrite: 1, jump: 0, branch: 0, alucontrol: 110
instruction: 00000000, memtoreg: 0, memwrite: 0, pcsrc: 0, alusrc: 0, regdst: 1, regwrite: 1, jump: 0, branch: 0, alucontrol: 110
instruction: 00000000, memtoreg: 0, memwrite: 0, pcsrc: 0, alusrc: 0, regdst: 1, regwrite: 1, jump: 0, branch: 0, alucontrol: 110
instruction: 00000000, memtoreg: 0, memwrite: 0, pcsrc: 0, alusrc: 0, regdst: 1, regwrite: 1, jump: 0, branch: 0, alucontrol: 110
instruction: 00000000, memtoreg: 0, memwrite: 0, pcsrc: 0, alusrc: 0, regdst: 1, regwrite: 1, jump: 0, branch: 0, alucontrol: 110
instruction: 00000000, memtoreg: 0, memwrite: 0, pcsrc: 0, alusrc: 0, regdst: 1, regwrite: 1, jump: 0, branch: 0, alucontrol: 110
instruction: 00000000, memtoreg: 0, memwrite: 0, pcsrc: 0, alusrc: 0, regdst: 1, regwrite: 1, jump: 0, branch: 0, alucontrol: 110
instruction: 00000000, memtoreg: 0, memwrite: 0, pcsrc: 0, alusrc: 0, regdst: 1, regwrite: 1, jump: 0, branch: 0, alucontrol: 110
instruction: 00000000, memtoreg: 0, memwrite: 0, pcsrc: 0, alusrc: 0, regdst: 1, regwrite: 1, jump: 0, branch: 0, alucontrol: 110
instruction: 00000000, memtoreg: 0, memwrite: 0, pcsrc: 0, alusrc: 0, regdst: 1, regwrite: 1, jump: 0, branch: 0, alucontrol: 110
instruction: 00000000, memtoreg: 0, memwrite: 0, pcsrc: 0, alusrc: 0, regdst: 1, regwrite: 1, jump: 0, branch: 0, alucontrol: 110
instruction: 00000000, memtoreg: 0, memwrite: 0, pcsrc: 0, alusrc: 0, regdst: 1, regwrite: 1, jump: 0, branch: 0, alucontrol: 110
instruction: 00000000, memtoreg: 0, memwrite: 0, pcsrc: 0, alusrc: 0, regdst: 1, regwrite: 1, jump: 0, branch: 0, alucontrol: 110
instruction: 00000000, memtoreg: 0, memwrite: 0, pcsrc: 0, alusrc: 0, regdst: 1, regwrite: 1, jump: 0, branch: 0, alucontrol: 110
instruction: 00000000, memtoreg: 0, memwrite: 0, pcsrc: 0, alusrc: 0, regdst: 1, regwrite: 1, jump: 0, branch: 0, alucontrol: 110
instruction: 00000000, memtoreg: 0, memwrite: 0, pcsrc: 0, alusrc: 0, regdst: 1, regwrite: 1, jump: 0, branch: 0, alucontrol: 110
instruction: 00000000, memtoreg: 0, memwrite: 0, pcsrc: 0, alusrc: 0, regdst: 1, regwrite: 1, jump: 0, branch: 0, alucontrol: 110
instruction: 00000000, memtoreg: 0, memwrite: 0, pcsrc: 0, alusrc: 0, regdst: 1, regwrite: 1, jump: 0, branch: 0, alucontrol: 110
instruction: 00000000, memtoreg: 0, memwrite: 0, pcsrc: 0, alusrc: 0, regdst: 1, regwrite: 1, jump: 0, branch: 0, alucontrol: 110
instruction: 00000000, memtoreg: 0, memwrite: 0, pcsrc: 0, alusrc: 0, regdst: 1, regwrite: 1, jump: 0, branch: 0, alucontrol: 110
instruction: 00000000, memtoreg: 0, memwrite: 0, pcsrc: 0, alusrc: 0, regdst: 1, regwrite: 1, jump: 0, branch: 0, alucontrol: 110
instruction: 00000000, memtoreg: 0, memwrite: 0, pcsrc: 0, alusrc: 0, regdst: 1, regwrite: 1, jump: 0, branch: 0, alucontrol: 110
instruction: 00000000, memtoreg: 0, memwrite: 0, pcsrc: 0, alusrc: 0, regdst: 1, regwrite: 1, jump: 0, branch: 0, alucontrol: 110
instruction: 00000000, memtoreg: 0, memwrite: 0, pcsrc: 0, alusrc: 0, regdst: 1, regwrite: 1, jump: 0, branch: 0, alucontrol: 110
instruction: 00000000, memtoreg: 0, memwrite: 0, pcsrc: 0, alusrc: 0, regdst: 1, regwrite: 1, jump: 0, branch: 0, alucontrol: 110
instruction: 00000000, memtoreg: 0, memwrite: 0, pcsrc: 0, alusrc: 0, regdst: 1, regwrite: 1, jump: 0, branch: 0, alucontrol: 110
instruction: 00000000, memtoreg: 0, memwrite: 0, pcsrc: 0, alusrc: 0, regdst: 1, regwrite: 1, jump: 0, branch: 0, alucontrol: 110
instruction: 00000000, memtoreg: 0, memwrite: 0, pcsrc: 0, alusrc: 0, regdst: 1, regwrite: 1, jump: 0, branch: 0, alucontrol: 110
instruction: 00000000, memtoreg: 0, memwrite: 0, pcsrc: 0, alusrc: 0, regdst: 1, regwrite: 1, jump: 0, branch: 0, alucontrol: 110
instruction: 00000000, memtoreg: 0, memwrite: 0, pcsrc: 0, alusrc: 0, regdst: 1, regwrite: 1, jump: 0, branch: 0, alucontrol: 110
instruction: 00000000, memtoreg: 0, memwrite: 0, pcsrc: 0, alusrc: 0, regdst: 1, regwrite: 1, jump: 0, branch: 0, alucontrol: 110
instruction: 00000000, memtoreg: 0, memwrite: 0, pcsrc: 0, alusrc: 0, regdst: 1, regwrite: 1, jump: 0, branch: 0, alucontrol: 110
instruction: 00000000, memtoreg: 0, memwrite: 0, pcsrc: 0, alusrc: 0, regdst: 1, regwrite: 1, jump: 0, branch: 0, alucontrol: 110
instruction: 00000000, memtoreg: 0, memwrite: 0, pcsrc: 0, alusrc: 0, regdst: 1, regwrite: 1, jump: 0, branch: 0, alucontrol: 110
instruction: 00000000, memtoreg: 0, memwrite: 0, pcsrc: 0, alusrc: 0, regdst: 1, regwrite: 1, jump: 0, branch: 0, alucontrol: 110
instruction: 00000000, memtoreg: 0, memwrite: 0, pcsrc: 0, alusrc: 0, regdst: 1, regwrite: 1, jump: 0, branch: 0, alucontrol: 110
instruction: 00000000, memtoreg: 0, memwrite: 0, pcsrc: 0, alusrc: 0, regdst: 1, regwrite: 1, jump: 0, branch: 0, alucontrol: 110
instruction: 00000000, memtoreg: 0, memwrite: 0, pcsrc: 0, alusrc: 0, regdst: 1, regwrite: 1, jump: 0, branch: 0, alucontrol: 110
instruction: 00000000, memtoreg: 0, memwrite: 0, pcsrc: 0, alusrc: 0, regdst: 1, regwrite: 1, jump: 0, branch: 0, alucontrol: 110
instruction: 00000000, memtoreg: 0, memwrite: 0, pcsrc: 0, alusrc: 0, regdst: 1, regwrite: 1, jump: 0, branch: 0, alucontrol: 110
instruction: 00000000, memtoreg: 0, memwrite: 0, pcsrc: 0, alusrc: 0, regdst: 1, regwrite: 1, jump: 0, branch: 0, alucontrol: 110
instruction: 00000000, memtoreg: 0, memwrite: 0, pcsrc: 0, alusrc: 0, regdst: 1, regwrite: 1, jump: 0, branch: 0, alucontrol: 110
instruction: 00000000, memtoreg: 0, memwrite: 0, pcsrc: 0, alusrc: 0, regdst: 1, regwrite: 1, jump: 0, branch: 0, alucontrol: 110
instruction: 00000000, memtoreg: 0, memwrite: 0, pcsrc: 0, alusrc: 0, regdst: 1, regwrite: 1, jump: 0, branch: 0, alucontrol: 110
instruction: 00000000, memtoreg: 0, memwrite: 0, pcsrc: 0, alusrc: 0, regdst: 1, regwrite: 1, jump: 0, branch: 0, alucontrol: 110
instruction: 00000000, memtoreg: 0, memwrite: 0, pcsrc: 0, alusrc: 0, regdst: 1, regwrite: 1, jump: 0, branch: 0, alucontrol: 110
instruction: 00000000, memtoreg: 0, memwrite: 0, pcsrc: 0, alusrc: 0, regdst: 1, regwrite: 1, jump: 0, branch: 0, alucontrol: 110
instruction: 00000000, memtoreg: 0, memwrite: 0, pcsrc: 0, alusrc: 0, regdst: 1, regwrite: 1, jump: 0, branch: 0, alucontrol: 110
instruction: 00000000, memtoreg: 0, memwrite: 0, pcsrc: 0, alusrc: 0, regdst: 1, regwrite: 1, jump: 0, branch: 0, alucontrol: 110
instruction: 00000000, memtoreg: 0, memwrite: 0, pcsrc: 0, alusrc: 0, regdst: 1, regwrite: 1, jump: 0, branch: 0, alucontrol: 110
instruction: 00000000, memtoreg: 0, memwrite: 0, pcsrc: 0, alusrc: 0, regdst: 1, regwrite: 1, jump: 0, branch: 0, alucontrol: 110
instruction: 00000000, memtoreg: 0, memwrite: 0, pcsrc: 0, alusrc: 0, regdst: 1, regwrite: 1, jump: 0, branch: 0, alucontrol: 110
instruction: 00000000, memtoreg: 0, memwrite: 0, pcsrc: 0, alusrc: 0, regdst: 1, regwrite: 1, jump: 0, branch: 0, alucontrol: 110
instruction: 00000000, memtoreg: 0, memwrite: 0, pcsrc: 0, alusrc: 0, regdst: 1, regwrite: 1, jump: 0, branch: 0, alucontrol: 110
instruction: 00000000, memtoreg: 0, memwrite: 0, pcsrc: 0, alusrc: 0, regdst: 1, regwrite: 1, jump: 0, branch: 0, alucontrol: 110
instruction: 00000000, memtoreg: 0, memwrite: 0, pcsrc: 0, alusrc: 0, regdst: 1, regwrite: 1, jump: 0, branch: 0, alucontrol: 110
instruction: 00000000, memtoreg: 0, memwrite: 0, pcsrc: 0, alusrc: 0, regdst: 1, regwrite: 1, jump: 0, branch: 0, alucontrol: 110
instruction: 00000000, memtoreg: 0, memwrite: 0, pcsrc: 0, alusrc: 0, regdst: 1, regwrite: 1, jump: 0, branch: 0, alucontrol: 110
instruction: 00000000, memtoreg: 0, memwrite: 0, pcsrc: 0, alusrc: 0, regdst: 1, regwrite: 1, jump: 0, branch: 0, alucontrol: 110
instruction: 00000000, memtoreg: 0, memwrite: 0, pcsrc: 0, alusrc: 0, regdst: 1, regwrite: 1, jump: 0, branch: 0, alucontrol: 110
instruction: 00000000, memtoreg: 0, memwrite: 0, pcsrc: 0, alusrc: 0, regdst: 1, regwrite: 1, jump: 0, branch: 0, alucontrol: 110
instruction: 00000000, memtoreg: 0, memwrite: 0, pcsrc: 0, alusrc: 0, regdst: 1, regwrite: 1, jump: 0, branch: 0, alucontrol: 110
instruction: 00000000, memtoreg: 0, memwrite: 0, pcsrc: 0, alusrc: 0, regdst: 1, regwrite: 1, jump: 0, branch: 0, alucontrol: 110
instruction: 00000000, memtoreg: 0, memwrite: 0, pcsrc: 0, alusrc: 0, regdst: 1, regwrite: 1, jump: 0, branch: 0, alucontrol: 110
instruction: 00000000, memtoreg: 0, memwrite: 0, pcsrc: 0, alusrc: 0, regdst: 1, regwrite: 1, jump: 0, branch: 0, alucontrol: 110
instruction: 00000000, memtoreg: 0, memwrite: 0, pcsrc: 0, alusrc: 0, regdst: 1, regwrite: 1, jump: 0, branch: 0, alucontrol: 110
instruction: 00000000, memtoreg: 0, memwrite: 0, pcsrc: 0, alusrc: 0, regdst: 1, regwrite: 1, jump: 0, branch: 0, alucontrol: 110
instruction: 00000000, memtoreg: 0, memwrite: 0, pcsrc: 0, alusrc: 0, regdst: 1, regwrite: 1, jump: 0, branch: 0, alucontrol: 110
instruction: 00000000, memtoreg: 0, memwrite: 0, pcsrc: 0, alusrc: 0, regdst: 1, regwrite: 1, jump: 0, branch: 0, alucontrol: 110
instruction: 00000000, memtoreg: 0, memwrite: 0, pcsrc: 0, alusrc: 0, regdst: 1, regwrite: 1, jump: 0, branch: 0, alucontrol: 110
instruction: 00000000, memtoreg: 0, memwrite: 0, pcsrc: 0, alusrc: 0, regdst: 1, regwrite: 1, jump: 0, branch: 0, alucontrol: 110
instruction: 00000000, memtoreg: 0, memwrite: 0, pcsrc: 0, alusrc: 0, regdst: 1, regwrite: 1, jump: 0, branch: 0, alucontrol: 110
instruction: 00000000, memtoreg: 0, memwrite: 0, pcsrc: 0, alusrc: 0, regdst: 1, regwrite: 1, jump: 0, branch: 0, alucontrol: 110
instruction: 00000000, memtoreg: 0, memwrite: 0, pcsrc: 0, alusrc: 0, regdst: 1, regwrite: 1, jump: 0, branch: 0, alucontrol: 110
instruction: 00000000, memtoreg: 0, memwrite: 0, pcsrc: 0, alusrc: 0, regdst: 1, regwrite: 1, jump: 0, branch: 0, alucontrol: 110
