#-----------------------------------------------------------
# Vivado v2018.3 (64-bit)
# SW Build 2405991 on Thu Dec  6 23:38:27 MST 2018
# IP Build 2404404 on Fri Dec  7 01:43:56 MST 2018
# Start of session at: Fri May  5 15:31:28 2023
# Process ID: 27668
# Current directory: D:/ALL_Project/PCexp/Lab3_SCPU/Lab3_SCPU
# Command line: vivado.exe -gui_launcher_event rodinguilauncherevent34104 D:\ALL_Project\PCexp\Lab3_SCPU\Lab3_SCPU\Lab3_SCPU.xpr
# Log file: D:/ALL_Project/PCexp/Lab3_SCPU/Lab3_SCPU/vivado.log
# Journal file: D:/ALL_Project/PCexp/Lab3_SCPU/Lab3_SCPU\vivado.jou
#-----------------------------------------------------------
start_gui
open_project D:/ALL_Project/PCexp/Lab3_SCPU/Lab3_SCPU/Lab3_SCPU.xpr
Scanning sources...
Finished scanning sources
INFO: [IP_Flow 19-234] Refreshing IP repositories
INFO: [IP_Flow 19-1704] No user IP repositories specified
INFO: [IP_Flow 19-2313] Loaded Vivado IP repository 'D:/Xilinx/Vivado/2018.3/data/ip'.
update_compile_order -fileset sources_1
INFO: [Device 21-403] Loading part xc7a100tcsg324-1
WARNING: [IP_Flow 19-4067] Ignoring invalid widget type specified checkbox.Providing a default widget
WARNING: [IP_Flow 19-4067] Ignoring invalid widget type specified checkbox.Providing a default widget
WARNING: [IP_Flow 19-4067] Ignoring invalid widget type specified checkbox.Providing a default widget
WARNING: [IP_Flow 19-4067] Ignoring invalid widget type specified checkbox.Providing a default widget
WARNING: [IP_Flow 19-4067] Ignoring invalid widget type specified checkbox.Providing a default widget
WARNING: [IP_Flow 19-4067] Ignoring invalid widget type specified checkbox.Providing a default widget
WARNING: [IP_Flow 19-4067] Ignoring invalid widget type specified checkbox.Providing a default widget
WARNING: [IP_Flow 19-4067] Ignoring invalid widget type specified checkbox.Providing a default widget
exit
INFO: [Common 17-206] Exiting Vivado at Sat May  6 10:09:00 2023...
