#-----------------------------------------------------------
# Vivado v2018.3 (64-bit)
# SW Build 2405991 on Thu Dec  6 23:38:27 MST 2018
# IP Build 2404404 on Fri Dec  7 01:43:56 MST 2018
# Start of session at: Fri Jun  9 13:19:16 2023
# Process ID: 32660
# Current directory: D:/ALL_Project/PCexp/Lab3_SCPU/Lab3_SCPU
# Command line: vivado.exe -gui_launcher_event rodinguilauncherevent32532 D:\ALL_Project\PCexp\Lab3_SCPU\Lab3_SCPU\Lab3_SCPU.xpr
# Log file: D:/ALL_Project/PCexp/Lab3_SCPU/Lab3_SCPU/vivado.log
# Journal file: D:/ALL_Project/PCexp/Lab3_SCPU/Lab3_SCPU\vivado.jou
#-----------------------------------------------------------
start_gui
open_project D:/ALL_Project/PCexp/Lab3_SCPU/Lab3_SCPU/Lab3_SCPU.xpr
CRITICAL WARNING: [Project 1-19] Could not find the file 'D:/ALL_Project/PCexp/Lab3/ip.coe'.
Scanning sources...
Finished scanning sources
INFO: [IP_Flow 19-234] Refreshing IP repositories
INFO: [IP_Flow 19-1704] No user IP repositories specified
INFO: [IP_Flow 19-2313] Loaded Vivado IP repository 'D:/Xilinx/Vivado/2018.3/data/ip'.
update_compile_order -fileset sources_1
export_ip_user_files -of_objects  [get_files D:/ALL_Project/PCexp/Lab3/ip.coe] -no_script -reset -force -quiet
remove_files  D:/ALL_Project/PCexp/Lab3/ip.coe
exit
INFO: [Common 17-206] Exiting Vivado at Fri Jun  9 13:20:03 2023...
