#-----------------------------------------------------------
# Vivado v2018.3 (64-bit)
# SW Build 2405991 on Thu Dec  6 23:38:27 MST 2018
# IP Build 2404404 on Fri Dec  7 01:43:56 MST 2018
# Start of session at: Sat May  6 22:59:36 2023
# Process ID: 32068
# Current directory: D:/ALL_Project/PCexp/alu2
# Command line: vivado.exe -gui_launcher_event rodinguilauncherevent6040 D:\ALL_Project\PCexp\alu2\alu2.xpr
# Log file: D:/ALL_Project/PCexp/alu2/vivado.log
# Journal file: D:/ALL_Project/PCexp/alu2\vivado.jou
#-----------------------------------------------------------
start_gui
open_project D:/ALL_Project/PCexp/alu2/alu2.xpr
INFO: [Project 1-313] Project file moved from 'D:/AllProject/vivadoexp/alu2' since last save.
Scanning sources...
Finished scanning sources
INFO: [IP_Flow 19-234] Refreshing IP repositories
INFO: [IP_Flow 19-1704] No user IP repositories specified
INFO: [IP_Flow 19-2313] Loaded Vivado IP repository 'D:/Xilinx/Vivado/2018.3/data/ip'.
update_compile_order -fileset sources_1
close [ open D:/ALL_Project/PCexp/alu2/alu2.srcs/sources_1/new/clk_div.v w ]
add_files D:/ALL_Project/PCexp/alu2/alu2.srcs/sources_1/new/clk_div.v
update_compile_order -fileset sources_1
export_ip_user_files -of_objects  [get_files D:/ALL_Project/PCexp/alu2/alu2.srcs/sources_1/new/clk_div.v] -no_script -reset -force -quiet
remove_files  D:/ALL_Project/PCexp/alu2/alu2.srcs/sources_1/new/clk_div.v
exit
INFO: [Common 17-206] Exiting Vivado at Sun May  7 13:37:26 2023...
