Vivado Simulator 2018.3
Copyright 1986-1999, 2001-2018 Xilinx, Inc. All Rights Reserved.
Running: D:/Xilinx/Vivado/2018.3/bin/unwrapped/win64.o/xelab.exe -wto 47a94f8e968b4eda956f68aa2dbf14ee --incr --debug typical --relax --mt 2 -L xil_defaultlib -L blk_mem_gen_v8_4_2 -L generic_baseblocks_v2_1_0 -L axi_infrastructure_v1_1_0 -L axi_register_slice_v2_1_18 -L fifo_generator_v13_2_3 -L axi_data_fifo_v2_1_17 -L axi_crossbar_v2_1_19 -L axi_clock_converter_v2_1_17 -L xbip_utils_v3_0_9 -L xbip_pipe_v3_0_5 -L xbip_bram18k_v3_0_5 -L mult_gen_v12_0_14 -L unisims_ver -L unimacro_ver -L secureip -L xpm --snapshot tb_top_behav xil_defaultlib.tb_top xil_defaultlib.glbl -log elaborate.log 
Using 2 slave threads.
Starting static elaboration
WARNING: [VRFC 10-3091] actual bit length 4 differs from formal bit length 8 for port 'arlen' [D:/ALL_Project/PCexp/Lab5_new/Lab5_new.srcs/sources_1/imports/exp2/soc_axi_lite_loongson/rtl/soc_axi_lite_top.v:327]
WARNING: [VRFC 10-3091] actual bit length 4 differs from formal bit length 8 for port 'awlen' [D:/ALL_Project/PCexp/Lab5_new/Lab5_new.srcs/sources_1/imports/exp2/soc_axi_lite_loongson/rtl/soc_axi_lite_top.v:345]
WARNING: [VRFC 10-3091] actual bit length 4 differs from formal bit length 8 for port 'arlen' [D:/ALL_Project/PCexp/Lab5_new/Lab5_new.srcs/sources_1/imports/exp2/soc_axi_lite_loongson/rtl/soc_axi_lite_top.v:692]
WARNING: [VRFC 10-3091] actual bit length 4 differs from formal bit length 8 for port 'awlen' [D:/ALL_Project/PCexp/Lab5_new/Lab5_new.srcs/sources_1/imports/exp2/soc_axi_lite_loongson/rtl/soc_axi_lite_top.v:708]
Completed static elaboration
Starting simulation data flow analysis
Completed simulation data flow analysis
Time Resolution for simulation is 1ps
Compiling package std.standard
Compiling package std.textio
Compiling package ieee.std_logic_1164
Compiling package ieee.numeric_std
Compiling package mult_gen_v12_0_14.mult_gen_v12_0_14_viv_comp
Compiling package xbip_utils_v3_0_9.xbip_utils_v3_0_9_pkg
Compiling package mult_gen_v12_0_14.mult_gen_v12_0_14_pkg
Compiling package ieee.std_logic_arith
Compiling package ieee.std_logic_signed
Compiling package unisim.vcomponents
Compiling package mult_gen_v12_0_14.dsp_pkg
Compiling package ieee.vital_timing
Compiling package ieee.vital_primitives
Compiling package unisim.vpkg
Compiling module xil_defaultlib.main_decoder
Compiling module xil_defaultlib.alu_decoder
Compiling module xil_defaultlib.hazard
Compiling module unisims_ver.LUT6
Compiling module unisims_ver.LUT4
Compiling module unisims_ver.x_lut3_mux8
Compiling module unisims_ver.LUT3
Compiling module xil_defaultlib.pc_ctrl_1
Compiling module xil_defaultlib.mux8
Compiling module xil_defaultlib.pc_reg
Compiling module xil_defaultlib.if_id
Compiling module xil_defaultlib.inst_ascii_decoder
Compiling module xil_defaultlib.imm_ext
Compiling module xil_defaultlib.regfile
Compiling module unisims_ver.LUT5
Compiling module unisims_ver.x_lut2_mux4
Compiling module unisims_ver.LUT2
Compiling module unisims_ver.FDRE_default
Compiling module unisims_ver.MUXF7
Compiling module unisims_ver.MUXF8
Compiling module unisims_ver.FDSE_default
Compiling module xil_defaultlib.branch_predict_1_branch_predict
Compiling module xil_defaultlib.branch_predict_1
Compiling module xil_defaultlib.jump_predict
Compiling module xil_defaultlib.id_ex
Compiling module xil_defaultlib.div_radix2
Compiling architecture xilinx of entity mult_gen_v12_0_14.delay_line [\delay_line(c_xdevicefamily="art...]
Compiling architecture xilinx of entity mult_gen_v12_0_14.delay_line [\delay_line(c_xdevicefamily="art...]
Compiling architecture xilinx of entity mult_gen_v12_0_14.delay_line [\delay_line(c_xdevicefamily="art...]
Compiling architecture xilinx of entity mult_gen_v12_0_14.delay_line [\delay_line(c_xdevicefamily="art...]
Compiling architecture xilinx of entity mult_gen_v12_0_14.delay_line [\delay_line(c_xdevicefamily="art...]
Compiling architecture dsp48e1_v of entity unisim.DSP48E1 [\DSP48E1(alumodereg=0,carryinreg...]
Compiling architecture xilinx of entity mult_gen_v12_0_14.delay_line [\delay_line(c_xdevicefamily="art...]
Compiling architecture xilinx of entity mult_gen_v12_0_14.delay_line [\delay_line(c_xdevicefamily="art...]
Compiling architecture dsp48e1_v of entity unisim.DSP48E1 [\DSP48E1(a_input="CASCADE",bcasc...]
Compiling architecture dsp48e1_v of entity unisim.DSP48E1 [\DSP48E1(acascreg=2,areg=2,bcasc...]
Compiling architecture xilinx of entity mult_gen_v12_0_14.delay_line [\delay_line(c_xdevicefamily="art...]
Compiling architecture dsp48e1_v of entity unisim.DSP48E1 [\DSP48E1(acascreg=2,areg=2,a_inp...]
Compiling architecture xilinx of entity mult_gen_v12_0_14.delay_line [\delay_line(c_xdevicefamily="art...]
Compiling architecture xilinx of entity mult_gen_v12_0_14.op_resize [\op_resize(ai_width=32,bi_width=...]
Compiling architecture xilinx of entity mult_gen_v12_0_14.dsp [\dsp(c_xdevicefamily="artix7",c_...]
Compiling architecture xilinx of entity mult_gen_v12_0_14.mult_gen_v12_0_14_viv [\mult_gen_v12_0_14_viv(c_verbosi...]
Compiling architecture xilinx of entity mult_gen_v12_0_14.mult_gen_v12_0_14 [\mult_gen_v12_0_14(c_xdevicefami...]
Compiling architecture signed_mult_arch of entity xil_defaultlib.signed_mult [signed_mult_default]
Compiling architecture xilinx of entity mult_gen_v12_0_14.delay_line [\delay_line(c_xdevicefamily="art...]
Compiling architecture xilinx of entity mult_gen_v12_0_14.delay_line [\delay_line(c_xdevicefamily="art...]
Compiling architecture xilinx of entity mult_gen_v12_0_14.op_resize [\op_resize(ai_width=32,bi_width=...]
Compiling architecture xilinx of entity mult_gen_v12_0_14.dsp [\dsp(c_xdevicefamily="artix7",c_...]
Compiling architecture xilinx of entity mult_gen_v12_0_14.mult_gen_v12_0_14_viv [\mult_gen_v12_0_14_viv(c_verbosi...]
Compiling architecture xilinx of entity mult_gen_v12_0_14.mult_gen_v12_0_14 [\mult_gen_v12_0_14(c_xdevicefami...]
Compiling architecture unsigned_mult_arch of entity xil_defaultlib.unsigned_mult [unsigned_mult_default]
Compiling module xil_defaultlib.alu
Compiling module xil_defaultlib.mux4(WIDTH=5)
Compiling module xil_defaultlib.mux4
Compiling module xil_defaultlib.branch_judge
Compiling module xil_defaultlib.ex_mem
Compiling module xil_defaultlib.mem_ctrl
Compiling module xil_defaultlib.hilo_reg
Compiling module xil_defaultlib.exception
Compiling module xil_defaultlib.cp0_reg
Compiling module xil_defaultlib.mem_wb
Compiling module xil_defaultlib.datapath
Compiling module xil_defaultlib.i_sram_to_sram_like
Compiling module xil_defaultlib.d_sram_to_sram_like
Compiling module xil_defaultlib.mips_core
Compiling module xil_defaultlib.mmu
Compiling module xil_defaultlib.bridge_1x2
Compiling module xil_defaultlib.i_cache_default
Compiling module xil_defaultlib.d_cache_default
Compiling module xil_defaultlib.cache
Compiling module xil_defaultlib.bridge_2x1
Compiling module xil_defaultlib.cpu_axi_interface
Compiling module xil_defaultlib.judge
Compiling module xil_defaultlib.Analysis
Compiling module xil_defaultlib.mycpu_top
Compiling module xil_defaultlib.axi_wrap
Compiling module fifo_generator_v13_2_3.fifo_generator_v13_2_3_sync_stag...
Compiling module fifo_generator_v13_2_3.fifo_generator_v13_2_3_bhv_ver_a...
Compiling module fifo_generator_v13_2_3.fifo_generator_v13_2_3_bhv_ver_p...
Compiling module fifo_generator_v13_2_3.fifo_generator_v13_2_3_CONV_VER(...
Compiling module fifo_generator_v13_2_3.fifo_generator_vlog_beh(C_DATA_C...
Compiling module fifo_generator_v13_2_3.fifo_generator_v13_2_3_bhv_ver_a...
Compiling module fifo_generator_v13_2_3.fifo_generator_v13_2_3_bhv_ver_p...
Compiling module fifo_generator_v13_2_3.fifo_generator_v13_2_3_CONV_VER(...
Compiling module fifo_generator_v13_2_3.fifo_generator_vlog_beh(C_DATA_C...
Compiling module fifo_generator_v13_2_3.fifo_generator_v13_2_3_bhv_ver_a...
Compiling module fifo_generator_v13_2_3.fifo_generator_v13_2_3_bhv_ver_p...
Compiling module fifo_generator_v13_2_3.fifo_generator_v13_2_3_CONV_VER(...
Compiling module fifo_generator_v13_2_3.fifo_generator_vlog_beh(C_DATA_C...
Compiling module fifo_generator_v13_2_3.fifo_generator_vlog_beh(C_DATA_C...
Compiling module fifo_generator_v13_2_3.fifo_generator_v13_2_3_bhv_ver_a...
Compiling module fifo_generator_v13_2_3.fifo_generator_v13_2_3_bhv_ver_p...
Compiling module fifo_generator_v13_2_3.fifo_generator_v13_2_3_CONV_VER(...
Compiling module fifo_generator_v13_2_3.fifo_generator_vlog_beh(C_DATA_C...
Compiling module fifo_generator_v13_2_3.fifo_generator_v13_2_3(C_DATA_CO...
Compiling module axi_clock_converter_v2_1_17.axi_clock_converter_v2_1_17_axi_...
Compiling module xil_defaultlib.axi_clock_converter
Compiling module generic_baseblocks_v2_1_0.generic_baseblocks_v2_1_0_carry_...
Compiling module generic_baseblocks_v2_1_0.generic_baseblocks_v2_1_0_compar...
Compiling module generic_baseblocks_v2_1_0.generic_baseblocks_v2_1_0_compar...
Compiling module generic_baseblocks_v2_1_0.generic_baseblocks_v2_1_0_compar...
Compiling module generic_baseblocks_v2_1_0.generic_baseblocks_v2_1_0_compar...
Compiling module generic_baseblocks_v2_1_0.generic_baseblocks_v2_1_0_compar...
Compiling module generic_baseblocks_v2_1_0.generic_baseblocks_v2_1_0_compar...
Compiling module axi_crossbar_v2_1_19.axi_crossbar_v2_1_19_addr_decode...
Compiling module axi_crossbar_v2_1_19.axi_crossbar_v2_1_19_arbiter_res...
Compiling module generic_baseblocks_v2_1_0.generic_baseblocks_v2_1_0_mux_en...
Compiling module unisims_ver.SRLC32E_default
Compiling module axi_data_fifo_v2_1_17.axi_data_fifo_v2_1_17_ndeep_srl(...
Compiling module axi_data_fifo_v2_1_17.axi_data_fifo_v2_1_17_axic_srl_f...
Compiling module axi_crossbar_v2_1_19.axi_crossbar_v2_1_19_si_transact...
Compiling module generic_baseblocks_v2_1_0.generic_baseblocks_v2_1_0_mux_en...
Compiling module axi_crossbar_v2_1_19.axi_crossbar_v2_1_19_si_transact...
Compiling module axi_crossbar_v2_1_19.axi_crossbar_v2_1_19_splitter
Compiling module axi_data_fifo_v2_1_17.axi_data_fifo_v2_1_17_ndeep_srl(...
Compiling module axi_data_fifo_v2_1_17.axi_data_fifo_v2_1_17_axic_reg_s...
Compiling module axi_crossbar_v2_1_19.axi_crossbar_v2_1_19_wdata_route...
Compiling module axi_crossbar_v2_1_19.axi_crossbar_v2_1_19_wdata_mux(C...
Compiling module axi_data_fifo_v2_1_17.axi_data_fifo_v2_1_17_axic_srl_f...
Compiling module axi_infrastructure_v1_1_0.axi_infrastructure_v1_1_0_axi2ve...
Compiling module axi_register_slice_v2_1_18.axi_register_slice_v2_1_18_axic_...
Compiling module axi_register_slice_v2_1_18.axi_register_slice_v2_1_18_axic_...
Compiling module axi_register_slice_v2_1_18.axi_register_slice_v2_1_18_axic_...
Compiling module axi_register_slice_v2_1_18.axi_register_slice_v2_1_18_axic_...
Compiling module axi_infrastructure_v1_1_0.axi_infrastructure_v1_1_0_vector...
Compiling module axi_register_slice_v2_1_18.axi_register_slice_v2_1_18_axi_r...
Compiling module axi_crossbar_v2_1_19.axi_crossbar_v2_1_19_wdata_mux(C...
Compiling module axi_data_fifo_v2_1_17.axi_data_fifo_v2_1_17_ndeep_srl(...
Compiling module axi_data_fifo_v2_1_17.axi_data_fifo_v2_1_17_axic_srl_f...
Compiling module axi_crossbar_v2_1_19.axi_crossbar_v2_1_19_addr_arbite...
Compiling module axi_crossbar_v2_1_19.axi_crossbar_v2_1_19_decerr_slav...
Compiling module axi_crossbar_v2_1_19.axi_crossbar_v2_1_19_crossbar(C_...
Compiling module axi_crossbar_v2_1_19.axi_crossbar_v2_1_19_axi_crossba...
Compiling module xil_defaultlib.axi_crossbar_1x2
Compiling module blk_mem_gen_v8_4_2.beh_vlog_ff_clr_v8_4(INIT=1'b0)
Compiling module blk_mem_gen_v8_4_2.beh_vlog_ff_pre_v8_4(INIT=1'b1)
Compiling module blk_mem_gen_v8_4_2.STATE_LOGIC_v8_4(INIT=64'b010101...
Compiling module blk_mem_gen_v8_4_2.STATE_LOGIC_v8_4(INIT=64'b101111...
Compiling module blk_mem_gen_v8_4_2.STATE_LOGIC_v8_4(INIT=64'b101010...
Compiling module blk_mem_gen_v8_4_2.STATE_LOGIC_v8_4(INIT=64'b010101...
Compiling module blk_mem_gen_v8_4_2.STATE_LOGIC_v8_4(INIT=64'b010001...
Compiling module blk_mem_gen_v8_4_2.STATE_LOGIC_v8_4(INIT=64'b010001...
Compiling module blk_mem_gen_v8_4_2.STATE_LOGIC_v8_4(INIT=64'b011010...
Compiling module blk_mem_gen_v8_4_2.STATE_LOGIC_v8_4(INIT=64'b111111...
Compiling module blk_mem_gen_v8_4_2.STATE_LOGIC_v8_4(INIT=64'b011000...
Compiling module blk_mem_gen_v8_4_2.STATE_LOGIC_v8_4(INIT=64'b011111...
Compiling module blk_mem_gen_v8_4_2.STATE_LOGIC_v8_4(INIT=64'b0111)
Compiling module blk_mem_gen_v8_4_2.STATE_LOGIC_v8_4(INIT=64'b111110...
Compiling module blk_mem_gen_v8_4_2.STATE_LOGIC_v8_4(INIT=64'b01000)
Compiling module blk_mem_gen_v8_4_2.STATE_LOGIC_v8_4(INIT=64'b100010...
Compiling module blk_mem_gen_v8_4_2.write_netlist_v8_4(C_AXI_TYPE=1)
Compiling module blk_mem_gen_v8_4_2.blk_mem_axi_write_wrapper_beh_v8...
Compiling module blk_mem_gen_v8_4_2.beh_vlog_ff_ce_clr_v8_4(INIT=1'b...
Compiling module blk_mem_gen_v8_4_2.STATE_LOGIC_v8_4(INIT=64'b01011)
Compiling module blk_mem_gen_v8_4_2.STATE_LOGIC_v8_4(INIT=64'b0100)
Compiling module blk_mem_gen_v8_4_2.STATE_LOGIC_v8_4(INIT=64'b111011...
Compiling module blk_mem_gen_v8_4_2.STATE_LOGIC_v8_4(INIT=64'b010001...
Compiling module blk_mem_gen_v8_4_2.STATE_LOGIC_v8_4(INIT=64'b010000...
Compiling module blk_mem_gen_v8_4_2.STATE_LOGIC_v8_4(INIT=64'b011111...
Compiling module blk_mem_gen_v8_4_2.STATE_LOGIC_v8_4(INIT=64'b01)
Compiling module blk_mem_gen_v8_4_2.STATE_LOGIC_v8_4(INIT=64'b010000...
Compiling module blk_mem_gen_v8_4_2.STATE_LOGIC_v8_4(INIT=64'b010001...
Compiling module blk_mem_gen_v8_4_2.STATE_LOGIC_v8_4(INIT=64'b011101...
Compiling module blk_mem_gen_v8_4_2.STATE_LOGIC_v8_4(INIT=64'b111111...
Compiling module blk_mem_gen_v8_4_2.STATE_LOGIC_v8_4(INIT=64'b010101...
Compiling module blk_mem_gen_v8_4_2.STATE_LOGIC_v8_4(INIT=64'b111100...
Compiling module blk_mem_gen_v8_4_2.beh_vlog_muxf7_v8_4
Compiling module blk_mem_gen_v8_4_2.STATE_LOGIC_v8_4(INIT=64'b010101...
Compiling module blk_mem_gen_v8_4_2.STATE_LOGIC_v8_4(INIT=64'b011100...
Compiling module blk_mem_gen_v8_4_2.STATE_LOGIC_v8_4(INIT=64'b011111...
Compiling module blk_mem_gen_v8_4_2.STATE_LOGIC_v8_4(INIT=64'b010001...
Compiling module blk_mem_gen_v8_4_2.STATE_LOGIC_v8_4(INIT=64'b010001...
Compiling module blk_mem_gen_v8_4_2.STATE_LOGIC_v8_4(INIT=64'b011100...
Compiling module blk_mem_gen_v8_4_2.read_netlist_v8_4(C_ADDRB_WIDTH=...
Compiling module blk_mem_gen_v8_4_2.blk_mem_axi_read_wrapper_beh_v8_...
Compiling module blk_mem_gen_v8_4_2.blk_mem_gen_v8_4_2_output_stage(...
Compiling module blk_mem_gen_v8_4_2.blk_mem_gen_v8_4_2_output_stage(...
Compiling module blk_mem_gen_v8_4_2.blk_mem_gen_v8_4_2_softecc_outpu...
Compiling module blk_mem_gen_v8_4_2.blk_mem_gen_v8_4_2_mem_module(C_...
Compiling module blk_mem_gen_v8_4_2.blk_mem_gen_v8_4_2(C_FAMILY="art...
Compiling module xil_defaultlib.axi_ram
Compiling module xil_defaultlib.axi_wrap_ram
Compiling module xil_defaultlib.confreg(SIMULATION=1'b1)
Compiling module xil_defaultlib.soc_axi_lite_top(SIMULATION=1'b1...
Compiling module xil_defaultlib.tb_top
WARNING: [XSIM 43-3373] "D:/ALL_Project/PCexp/Lab5_new/Lab5_new.srcs/sim_1/imports/soc_axi_lite_loongson/testbench/mycpu_tb.v" Line 125. System function $fscanf is used as system task. This system function should have a LHS e.g. x=$fscanf().
Compiling module xil_defaultlib.glbl
Built simulation snapshot tb_top_behav
