INFO: [VRFC 10-2263] Analyzing Verilog file "D:/ALL_Project/PCexp/Lab4/Lab4.srcs/sources_1/ip/data_ram/sim/data_ram.v" into library xil_defaultlib
INFO: [VRFC 10-311] analyzing module data_ram
INFO: [VRFC 10-2263] Analyzing Verilog file "D:/ALL_Project/PCexp/Lab4/Lab4.srcs/sources_1/ip/inst_ram/sim/inst_ram.v" into library xil_defaultlib
INFO: [VRFC 10-311] analyzing module inst_ram
INFO: [VRFC 10-2263] Analyzing Verilog file "D:/ALL_Project/PCexp/Lab4/Lab4.srcs/sources_1/imports/ex4/rtl/adder.v" into library xil_defaultlib
INFO: [VRFC 10-311] analyzing module adder
INFO: [VRFC 10-2263] Analyzing Verilog file "D:/ALL_Project/PCexp/Lab4/Lab4.srcs/sources_1/imports/ex4/rtl/alu.v" into library xil_defaultlib
INFO: [VRFC 10-311] analyzing module alu
INFO: [VRFC 10-2263] Analyzing Verilog file "D:/ALL_Project/PCexp/Lab4/Lab4.srcs/sources_1/imports/ex4/rtl/aludec.v" into library xil_defaultlib
INFO: [VRFC 10-311] analyzing module aludec
INFO: [VRFC 10-2263] Analyzing Verilog file "D:/ALL_Project/PCexp/Lab4/Lab4.srcs/sources_1/imports/ex4/rtl/controller.v" into library xil_defaultlib
INFO: [VRFC 10-311] analyzing module controller
INFO: [VRFC 10-2263] Analyzing Verilog file "D:/ALL_Project/PCexp/Lab4/Lab4.srcs/sources_1/imports/ex4/rtl/datapath.v" into library xil_defaultlib
INFO: [VRFC 10-311] analyzing module datapath
INFO: [VRFC 10-2263] Analyzing Verilog file "D:/ALL_Project/PCexp/Lab4/Lab4.srcs/sources_1/imports/ex4/rtl/eqcmp.v" into library xil_defaultlib
INFO: [VRFC 10-311] analyzing module eqcmp
INFO: [VRFC 10-2263] Analyzing Verilog file "D:/ALL_Project/PCexp/Lab4/Lab4.srcs/sources_1/imports/ex4/rtl/flopenr.v" into library xil_defaultlib
INFO: [VRFC 10-311] analyzing module flopenr
INFO: [VRFC 10-2263] Analyzing Verilog file "D:/ALL_Project/PCexp/Lab4/Lab4.srcs/sources_1/imports/ex4/rtl/flopenrc.v" into library xil_defaultlib
INFO: [VRFC 10-311] analyzing module flopenrc
INFO: [VRFC 10-2263] Analyzing Verilog file "D:/ALL_Project/PCexp/Lab4/Lab4.srcs/sources_1/imports/ex4/rtl/flopr.v" into library xil_defaultlib
INFO: [VRFC 10-311] analyzing module flopr
INFO: [VRFC 10-2263] Analyzing Verilog file "D:/ALL_Project/PCexp/Lab4/Lab4.srcs/sources_1/imports/ex4/rtl/floprc.v" into library xil_defaultlib
INFO: [VRFC 10-311] analyzing module floprc
INFO: [VRFC 10-2263] Analyzing Verilog file "D:/ALL_Project/PCexp/Lab4/Lab4.srcs/sources_1/imports/ex4/rtl/hazard.v" into library xil_defaultlib
INFO: [VRFC 10-311] analyzing module hazard
INFO: [VRFC 10-2263] Analyzing Verilog file "D:/ALL_Project/PCexp/Lab4/Lab4.srcs/sources_1/imports/ex4/rtl/maindec.v" into library xil_defaultlib
INFO: [VRFC 10-311] analyzing module maindec
INFO: [VRFC 10-2263] Analyzing Verilog file "D:/ALL_Project/PCexp/Lab4/Lab4.srcs/sources_1/imports/ex4/rtl/mips.v" into library xil_defaultlib
INFO: [VRFC 10-311] analyzing module mips
INFO: [VRFC 10-2263] Analyzing Verilog file "D:/ALL_Project/PCexp/Lab4/Lab4.srcs/sources_1/imports/ex4/rtl/mux2.v" into library xil_defaultlib
INFO: [VRFC 10-311] analyzing module mux2
INFO: [VRFC 10-2263] Analyzing Verilog file "D:/ALL_Project/PCexp/Lab4/Lab4.srcs/sources_1/imports/ex4/rtl/mux3.v" into library xil_defaultlib
INFO: [VRFC 10-311] analyzing module mux3
INFO: [VRFC 10-2263] Analyzing Verilog file "D:/ALL_Project/PCexp/Lab4/Lab4.srcs/sources_1/imports/ex4/rtl/pc.v" into library xil_defaultlib
INFO: [VRFC 10-311] analyzing module pc
INFO: [VRFC 10-2263] Analyzing Verilog file "D:/ALL_Project/PCexp/Lab4/Lab4.srcs/sources_1/imports/ex4/rtl/regfile.v" into library xil_defaultlib
INFO: [VRFC 10-311] analyzing module regfile
INFO: [VRFC 10-2263] Analyzing Verilog file "D:/ALL_Project/PCexp/Lab4/Lab4.srcs/sources_1/imports/ex4/rtl/signext.v" into library xil_defaultlib
INFO: [VRFC 10-311] analyzing module signext
INFO: [VRFC 10-2263] Analyzing Verilog file "D:/ALL_Project/PCexp/Lab4/Lab4.srcs/sources_1/imports/ex4/rtl/sl2.v" into library xil_defaultlib
INFO: [VRFC 10-311] analyzing module sl2
INFO: [VRFC 10-2263] Analyzing Verilog file "D:/ALL_Project/PCexp/Lab4/Lab4.srcs/sources_1/imports/ex4/rtl/top.v" into library xil_defaultlib
INFO: [VRFC 10-311] analyzing module top
INFO: [VRFC 10-2263] Analyzing Verilog file "D:/ALL_Project/PCexp/Lab4/Lab4.srcs/sim_1/imports/sim/testbench.v" into library xil_defaultlib
INFO: [VRFC 10-311] analyzing module testbench
INFO: [VRFC 10-2263] Analyzing Verilog file "D:/ALL_Project/PCexp/Lab4/Lab4.sim/sim_1/behav/xsim/glbl.v" into library xil_defaultlib
INFO: [VRFC 10-311] analyzing module glbl
